<?xml version="1.0" encoding="UTF-8"?>
<coverage generated="1587630401441" clover="3.2.0">
  <project timestamp="1587630401441" name="All files">
    <metrics statements="32" coveredstatements="32" conditionals="17" coveredconditionals="17" methods="3" coveredmethods="3" elements="52" coveredelements="52" complexity="0" loc="32" ncloc="32" packages="1" files="1" classes="1"/>
    <file name="clone.js" path="E:\github\DeepClone\src\clone.js">
      <metrics statements="32" coveredstatements="32" conditionals="17" coveredconditionals="17" methods="3" coveredmethods="3"/>
      <line num="1" count="1" type="stmt"/>
      <line num="2" count="1" type="stmt"/>
      <line num="3" count="1" type="stmt"/>
      <line num="4" count="1" type="stmt"/>
      <line num="7" count="37" type="stmt"/>
      <line num="8" count="37" type="cond" truecount="3" falsecount="0"/>
      <line num="13" count="37" type="cond" truecount="2" falsecount="0"/>
      <line num="16" count="16" type="stmt"/>
      <line num="17" count="16" type="cond" truecount="2" falsecount="0"/>
      <line num="18" count="2" type="stmt"/>
      <line num="22" count="14" type="cond" truecount="2" falsecount="0"/>
      <line num="23" count="4" type="stmt"/>
      <line num="24" count="13" type="cond" truecount="2" falsecount="0"/>
      <line num="25" count="1" type="stmt"/>
      <line num="26" count="12" type="cond" truecount="2" falsecount="0"/>
      <line num="27" count="1" type="stmt"/>
      <line num="28" count="1" type="stmt"/>
      <line num="29" count="2" type="stmt"/>
      <line num="31" count="1" type="stmt"/>
      <line num="32" count="11" type="cond" truecount="2" falsecount="0"/>
      <line num="33" count="1" type="stmt"/>
      <line num="34" count="1" type="stmt"/>
      <line num="35" count="5" type="stmt"/>
      <line num="37" count="1" type="stmt"/>
      <line num="39" count="10" type="stmt"/>
      <line num="40" count="10" type="stmt"/>
      <line num="41" count="24" type="stmt"/>
      <line num="44" count="10" type="stmt"/>
      <line num="45" count="10" type="cond" truecount="2" falsecount="0"/>
      <line num="46" count="1" type="stmt"/>
      <line num="47" count="1" type="stmt"/>
      <line num="50" count="10" type="stmt"/>
    </file>
  </project>
</coverage>
