{"E:\\github\\DeepClone\\src\\clone.js": {"path":"E:\\github\\DeepClone\\src\\clone.js","statementMap":{"0":{"start":{"line":1,"column":15},"end":{"line":1,"column":29}},"1":{"start":{"line":2,"column":15},"end":{"line":2,"column":29}},"2":{"start":{"line":3,"column":18},"end":{"line":3,"column":35}},"3":{"start":{"line":4,"column":16},"end":{"line":4,"column":31}},"4":{"start":{"line":7,"column":17},"end":{"line":7,"column":29}},"5":{"start":{"line":8,"column":4},"end":{"line":8,"column":71}},"6":{"start":{"line":13,"column":4},"end":{"line":13,"column":31}},"7":{"start":{"line":13,"column":21},"end":{"line":13,"column":31}},"8":{"start":{"line":16,"column":17},"end":{"line":16,"column":52}},"9":{"start":{"line":17,"column":4},"end":{"line":19,"column":5}},"10":{"start":{"line":18,"column":8},"end":{"line":18,"column":39}},"11":{"start":{"line":22,"column":4},"end":{"line":51,"column":5}},"12":{"start":{"line":23,"column":8},"end":{"line":23,"column":37}},"13":{"start":{"line":23,"column":28},"end":{"line":23,"column":36}},"14":{"start":{"line":24,"column":11},"end":{"line":51,"column":5}},"15":{"start":{"line":25,"column":8},"end":{"line":25,"column":18}},"16":{"start":{"line":26,"column":11},"end":{"line":51,"column":5}},"17":{"start":{"line":27,"column":21},"end":{"line":27,"column":30}},"18":{"start":{"line":28,"column":8},"end":{"line":30,"column":9}},"19":{"start":{"line":29,"column":12},"end":{"line":29,"column":45}},"20":{"start":{"line":31,"column":8},"end":{"line":31,"column":19}},"21":{"start":{"line":32,"column":11},"end":{"line":51,"column":5}},"22":{"start":{"line":33,"column":21},"end":{"line":33,"column":30}},"23":{"start":{"line":34,"column":8},"end":{"line":36,"column":9}},"24":{"start":{"line":35,"column":12},"end":{"line":35,"column":33}},"25":{"start":{"line":37,"column":8},"end":{"line":37,"column":19}},"26":{"start":{"line":39,"column":21},"end":{"line":39,"column":62}},"27":{"start":{"line":40,"column":8},"end":{"line":42,"column":9}},"28":{"start":{"line":41,"column":12},"end":{"line":41,"column":39}},"29":{"start":{"line":44,"column":25},"end":{"line":44,"column":58}},"30":{"start":{"line":45,"column":8},"end":{"line":49,"column":9}},"31":{"start":{"line":46,"column":12},"end":{"line":48,"column":13}},"32":{"start":{"line":47,"column":16},"end":{"line":47,"column":43}},"33":{"start":{"line":50,"column":8},"end":{"line":50,"column":19}}},"fnMap":{"0":{"name":"isObj","decl":{"start":{"line":6,"column":9},"end":{"line":6,"column":14}},"loc":{"start":{"line":6,"column":22},"end":{"line":9,"column":1}},"line":6},"1":{"name":"clone","decl":{"start":{"line":11,"column":9},"end":{"line":11,"column":14}},"loc":{"start":{"line":11,"column":20},"end":{"line":52,"column":1}},"line":11},"2":{"name":"(anonymous_2)","decl":{"start":{"line":23,"column":23},"end":{"line":23,"column":24}},"loc":{"start":{"line":23,"column":28},"end":{"line":23,"column":36}},"line":23}},"branchMap":{"0":{"loc":{"start":{"line":8,"column":11},"end":{"line":8,"column":71}},"type":"binary-expr","locations":[{"start":{"line":8,"column":11},"end":{"line":8,"column":25}},{"start":{"line":8,"column":30},"end":{"line":8,"column":47}},{"start":{"line":8,"column":51},"end":{"line":8,"column":70}}],"line":8},"1":{"loc":{"start":{"line":13,"column":4},"end":{"line":13,"column":31}},"type":"if","locations":[{"start":{"line":13,"column":4},"end":{"line":13,"column":31}},{"start":{"line":13,"column":4},"end":{"line":13,"column":31}}],"line":13},"2":{"loc":{"start":{"line":17,"column":4},"end":{"line":19,"column":5}},"type":"if","locations":[{"start":{"line":17,"column":4},"end":{"line":19,"column":5}},{"start":{"line":17,"column":4},"end":{"line":19,"column":5}}],"line":17},"3":{"loc":{"start":{"line":22,"column":4},"end":{"line":51,"column":5}},"type":"if","locations":[{"start":{"line":22,"column":4},"end":{"line":51,"column":5}},{"start":{"line":22,"column":4},"end":{"line":51,"column":5}}],"line":22},"4":{"loc":{"start":{"line":24,"column":11},"end":{"line":51,"column":5}},"type":"if","locations":[{"start":{"line":24,"column":11},"end":{"line":51,"column":5}},{"start":{"line":24,"column":11},"end":{"line":51,"column":5}}],"line":24},"5":{"loc":{"start":{"line":26,"column":11},"end":{"line":51,"column":5}},"type":"if","locations":[{"start":{"line":26,"column":11},"end":{"line":51,"column":5}},{"start":{"line":26,"column":11},"end":{"line":51,"column":5}}],"line":26},"6":{"loc":{"start":{"line":32,"column":11},"end":{"line":51,"column":5}},"type":"if","locations":[{"start":{"line":32,"column":11},"end":{"line":51,"column":5}},{"start":{"line":32,"column":11},"end":{"line":51,"column":5}}],"line":32},"7":{"loc":{"start":{"line":45,"column":8},"end":{"line":49,"column":9}},"type":"if","locations":[{"start":{"line":45,"column":8},"end":{"line":49,"column":9}},{"start":{"line":45,"column":8},"end":{"line":49,"column":9}}],"line":45}},"s":{"0":1,"1":1,"2":1,"3":1,"4":37,"5":37,"6":37,"7":21,"8":16,"9":16,"10":2,"11":14,"12":1,"13":4,"14":13,"15":1,"16":12,"17":1,"18":1,"19":2,"20":1,"21":11,"22":1,"23":1,"24":5,"25":1,"26":10,"27":10,"28":24,"29":10,"30":10,"31":1,"32":1,"33":10},"f":{"0":37,"1":37,"2":4},"b":{"0":[37,36,21],"1":[21,16],"2":[2,14],"3":[1,13],"4":[1,12],"5":[1,11],"6":[1,10],"7":[1,9]},"_coverageSchema":"1a1c01bbd47fc00a2c39e90264f33305004495a9","hash":"0d2240efa4648257d6cd2981003d3b53bab2e660"}
}
