TN:
SF:src\clone.js
FN:6,isObj
FN:11,clone
FN:23,(anonymous_2)
FNF:3
FNH:3
FNDA:37,isObj
FNDA:37,clone
FNDA:4,(anonymous_2)
DA:1,1
DA:2,1
DA:3,1
DA:4,1
DA:7,37
DA:8,37
DA:13,37
DA:16,16
DA:17,16
DA:18,2
DA:22,14
DA:23,4
DA:24,13
DA:25,1
DA:26,12
DA:27,1
DA:28,1
DA:29,2
DA:31,1
DA:32,11
DA:33,1
DA:34,1
DA:35,5
DA:37,1
DA:39,10
DA:40,10
DA:41,24
DA:44,10
DA:45,10
DA:46,1
DA:47,1
DA:50,10
LF:32
LH:32
BRDA:8,0,0,37
BRDA:8,0,1,36
BRDA:8,0,2,21
BRDA:13,1,0,21
BRDA:13,1,1,16
BRDA:17,2,0,2
BRDA:17,2,1,14
BRDA:22,3,0,1
BRDA:22,3,1,13
BRDA:24,4,0,1
BRDA:24,4,1,12
BRDA:26,5,0,1
BRDA:26,5,1,11
BRDA:32,6,0,1
BRDA:32,6,1,10
BRDA:45,7,0,1
BRDA:45,7,1,9
BRF:17
BRH:17
end_of_record
